{"synthetic": false,
 "outputs": null,
 "log":
 [{"message":
   ".> ELAN=elan ELAN_HOME=/home/maryjane/.elan ELAN_TOOLCHAIN=leanprover/lean4:v4.22.0-rc4 LAKE=/home/maryjane/.elan/toolchains/leanprover--lean4---v4.22.0-rc4/bin/lake LAKE_HOME=/home/maryjane/.elan/toolchains/leanprover--lean4---v4.22.0-rc4 LAKE_PKG_URL_MAP={} LAKE_NO_CACHE=false LAKE_ARTIFACT_CACHE=false LAKE_CACHE_DIR=/home/maryjane/.elan/toolchains/leanprover--lean4---v4.22.0-rc4/lake/cache LEAN=/home/maryjane/.elan/toolchains/leanprover--lean4---v4.22.0-rc4/bin/lean LEAN_GITHASH=30ceb3260d7d7536092fedff969b4b2e8de7f942 LEAN_SYSROOT=/home/maryjane/.elan/toolchains/leanprover--lean4---v4.22.0-rc4 LEAN_AR=/home/maryjane/.elan/toolchains/leanprover--lean4---v4.22.0-rc4/bin/llvm-ar LEAN_CC= LEAN_PATH=/home/maryjane/formalization-of-bounded-arithmetic/.lake/packages/batteries/.lake/build/lib/lean:/home/maryjane/formalization-of-bounded-arithmetic/.lake/packages/Qq/.lake/build/lib/lean:/home/maryjane/formalization-of-bounded-arithmetic/.lake/packages/aesop/.lake/build/lib/lean:/home/maryjane/formalization-of-bounded-arithmetic/.lake/packages/proofwidgets/.lake/build/lib/lean:/home/maryjane/formalization-of-bounded-arithmetic/.lake/packages/importGraph/.lake/build/lib/lean:/home/maryjane/formalization-of-bounded-arithmetic/.lake/packages/LeanSearchClient/.lake/build/lib/lean:/home/maryjane/formalization-of-bounded-arithmetic/.lake/packages/plausible/.lake/build/lib/lean:/home/maryjane/formalization-of-bounded-arithmetic/.lake/packages/mathlib/.lake/build/lib/lean:/home/maryjane/formalization-of-bounded-arithmetic/.lake/packages/MD4Lean/.lake/build/lib/lean:/home/maryjane/formalization-of-bounded-arithmetic/.lake/packages/BibtexQuery/.lake/build/lib/lean:/home/maryjane/formalization-of-bounded-arithmetic/.lake/packages/UnicodeBasic/.lake/build/lib/lean:/home/maryjane/formalization-of-bounded-arithmetic/.lake/packages/Cli/.lake/build/lib/lean:/home/maryjane/formalization-of-bounded-arithmetic/.lake/build/lib/lean:/home/maryjane/formalization-of-bounded-arithmetic/.lake/packages/doc-gen4/.lake/build/lib/lean:/home/maryjane/formalization-of-bounded-arithmetic/docbuild/.lake/build/lib/lean:/home/maryjane/.elan/toolchains/leanprover--lean4---v4.22.0-rc4/lib/lean LEAN_SRC_PATH=/home/maryjane/formalization-of-bounded-arithmetic/.lake/packages/batteries:/home/maryjane/formalization-of-bounded-arithmetic/.lake/packages/batteries:/home/maryjane/formalization-of-bounded-arithmetic/.lake/packages/Qq:/home/maryjane/formalization-of-bounded-arithmetic/.lake/packages/aesop:/home/maryjane/formalization-of-bounded-arithmetic/.lake/packages/aesop:/home/maryjane/formalization-of-bounded-arithmetic/.lake/packages/proofwidgets:/home/maryjane/formalization-of-bounded-arithmetic/.lake/packages/proofwidgets:/home/maryjane/formalization-of-bounded-arithmetic/.lake/packages/importGraph:/home/maryjane/formalization-of-bounded-arithmetic/.lake/packages/importGraph:/home/maryjane/formalization-of-bounded-arithmetic/.lake/packages/LeanSearchClient:/home/maryjane/formalization-of-bounded-arithmetic/.lake/packages/LeanSearchClient:/home/maryjane/formalization-of-bounded-arithmetic/.lake/packages/plausible:/home/maryjane/formalization-of-bounded-arithmetic/.lake/packages/plausible:/home/maryjane/formalization-of-bounded-arithmetic/.lake/packages/mathlib:/home/maryjane/formalization-of-bounded-arithmetic/.lake/packages/mathlib:/home/maryjane/formalization-of-bounded-arithmetic/.lake/packages/mathlib:/home/maryjane/formalization-of-bounded-arithmetic/.lake/packages/mathlib:/home/maryjane/formalization-of-bounded-arithmetic/.lake/packages/mathlib:/home/maryjane/formalization-of-bounded-arithmetic/.lake/packages/mathlib:/home/maryjane/formalization-of-bounded-arithmetic/.lake/packages/mathlib:/home/maryjane/formalization-of-bounded-arithmetic/.lake/packages/MD4Lean:/home/maryjane/formalization-of-bounded-arithmetic/.lake/packages/MD4Lean:/home/maryjane/formalization-of-bounded-arithmetic/.lake/packages/BibtexQuery:/home/maryjane/formalization-of-bounded-arithmetic/.lake/packages/UnicodeBasic:/home/maryjane/formalization-of-bounded-arithmetic/.lake/packages/UnicodeBasic:/home/maryjane/formalization-of-bounded-arithmetic/.lake/packages/Cli:/home/maryjane/formalization-of-bounded-arithmetic:/home/maryjane/formalization-of-bounded-arithmetic/.lake/packages/doc-gen4:/home/maryjane/.elan/toolchains/leanprover--lean4---v4.22.0-rc4/src/lean/lake PATH LD_LIBRARY_PATH=/home/maryjane/.elan/toolchains/leanprover--lean4---v4.22.0-rc4/lib/lean:/home/maryjane/.elan/toolchains/leanprover--lean4---v4.22.0-rc4/lib:/home/maryjane/formalization-of-bounded-arithmetic/docbuild/.lake/build/lib:/home/maryjane/formalization-of-bounded-arithmetic/.lake/packages/doc-gen4/.lake/build/lib:/home/maryjane/formalization-of-bounded-arithmetic/.lake/build/lib:/home/maryjane/formalization-of-bounded-arithmetic/.lake/packages/Cli/.lake/build/lib:/home/maryjane/formalization-of-bounded-arithmetic/.lake/packages/UnicodeBasic/.lake/build/lib:/home/maryjane/formalization-of-bounded-arithmetic/.lake/packages/BibtexQuery/.lake/build/lib:/home/maryjane/formalization-of-bounded-arithmetic/.lake/packages/MD4Lean/.lake/build/lib:/home/maryjane/formalization-of-bounded-arithmetic/.lake/packages/mathlib/.lake/build/lib:/home/maryjane/formalization-of-bounded-arithmetic/.lake/packages/plausible/.lake/build/lib:/home/maryjane/formalization-of-bounded-arithmetic/.lake/packages/LeanSearchClient/.lake/build/lib:/home/maryjane/formalization-of-bounded-arithmetic/.lake/packages/importGraph/.lake/build/lib:/home/maryjane/formalization-of-bounded-arithmetic/.lake/packages/proofwidgets/.lake/build/lib:/home/maryjane/formalization-of-bounded-arithmetic/.lake/packages/aesop/.lake/build/lib:/home/maryjane/formalization-of-bounded-arithmetic/.lake/packages/Qq/.lake/build/lib:/home/maryjane/formalization-of-bounded-arithmetic/.lake/packages/batteries/.lake/build/lib /home/maryjane/formalization-of-bounded-arithmetic/.lake/packages/doc-gen4/.lake/build/bin/doc-gen4 single --build /home/maryjane/formalization-of-bounded-arithmetic/docbuild/.lake/build Qq https://github.com/leanprover-community/quote4/blob/1ef3dac0f872ca6aaa7d02e015427e06dd0b6195/Qq.lean",
   "level": "trace"}],
 "inputs":
 [["<collection>",
   [["/home/maryjane/formalization-of-bounded-arithmetic/docbuild/.lake/build/doc/Qq/Macro.html",
     "470024722980314658"],
    ["/home/maryjane/formalization-of-bounded-arithmetic/docbuild/.lake/build/doc/Qq/Delab.html",
     "1805499500150689385"],
    ["/home/maryjane/formalization-of-bounded-arithmetic/docbuild/.lake/build/doc/Qq/MetaM.html",
     "12187083605950058507"],
    ["/home/maryjane/formalization-of-bounded-arithmetic/docbuild/.lake/build/doc/Qq/Simp.html",
     "14645753102415986252"],
    ["/home/maryjane/formalization-of-bounded-arithmetic/docbuild/.lake/build/doc/Qq/Match.html",
     "8478654427282733180"],
    ["/home/maryjane/formalization-of-bounded-arithmetic/docbuild/.lake/build/doc/Qq/AssertInstancesCommute.html",
     "10091123196795982486"],
    ["/home/maryjane/formalization-of-bounded-arithmetic/docbuild/.lake/build/doc/Qq/Commands.html",
     "12517824835798868812"]]],
  ["/home/maryjane/formalization-of-bounded-arithmetic/docbuild/.lake/build/doc-data/references.json",
   "11893762902049086281"],
  ["/home/maryjane/formalization-of-bounded-arithmetic/.lake/packages/doc-gen4/.lake/build/bin/doc-gen4",
   "5630031741182597361"],
  ["Qq:leanArts", "17937846690236080825"]],
 "depHash": "5340522099309377561"}