{"synthetic": false,
 "outputs": null,
 "log":
 [{"message":
   ".> ELAN=elan ELAN_HOME=/home/maryjane/.elan ELAN_TOOLCHAIN=leanprover/lean4:v4.22.0-rc4 LAKE=/home/maryjane/.elan/toolchains/leanprover--lean4---v4.22.0-rc4/bin/lake LAKE_HOME=/home/maryjane/.elan/toolchains/leanprover--lean4---v4.22.0-rc4 LAKE_PKG_URL_MAP={} LAKE_NO_CACHE=false LAKE_ARTIFACT_CACHE=false LAKE_CACHE_DIR=/home/maryjane/.elan/toolchains/leanprover--lean4---v4.22.0-rc4/lake/cache LEAN=/home/maryjane/.elan/toolchains/leanprover--lean4---v4.22.0-rc4/bin/lean LEAN_GITHASH=30ceb3260d7d7536092fedff969b4b2e8de7f942 LEAN_SYSROOT=/home/maryjane/.elan/toolchains/leanprover--lean4---v4.22.0-rc4 LEAN_AR=/home/maryjane/.elan/toolchains/leanprover--lean4---v4.22.0-rc4/bin/llvm-ar LEAN_CC= LEAN_PATH=/home/maryjane/formalization-of-bounded-arithmetic/.lake/packages/batteries/.lake/build/lib/lean:/home/maryjane/formalization-of-bounded-arithmetic/.lake/packages/Qq/.lake/build/lib/lean:/home/maryjane/formalization-of-bounded-arithmetic/.lake/packages/aesop/.lake/build/lib/lean:/home/maryjane/formalization-of-bounded-arithmetic/.lake/packages/proofwidgets/.lake/build/lib/lean:/home/maryjane/formalization-of-bounded-arithmetic/.lake/packages/importGraph/.lake/build/lib/lean:/home/maryjane/formalization-of-bounded-arithmetic/.lake/packages/LeanSearchClient/.lake/build/lib/lean:/home/maryjane/formalization-of-bounded-arithmetic/.lake/packages/plausible/.lake/build/lib/lean:/home/maryjane/formalization-of-bounded-arithmetic/.lake/packages/mathlib/.lake/build/lib/lean:/home/maryjane/formalization-of-bounded-arithmetic/.lake/packages/MD4Lean/.lake/build/lib/lean:/home/maryjane/formalization-of-bounded-arithmetic/.lake/packages/BibtexQuery/.lake/build/lib/lean:/home/maryjane/formalization-of-bounded-arithmetic/.lake/packages/UnicodeBasic/.lake/build/lib/lean:/home/maryjane/formalization-of-bounded-arithmetic/.lake/packages/Cli/.lake/build/lib/lean:/home/maryjane/formalization-of-bounded-arithmetic/.lake/build/lib/lean:/home/maryjane/formalization-of-bounded-arithmetic/.lake/packages/doc-gen4/.lake/build/lib/lean:/home/maryjane/formalization-of-bounded-arithmetic/docbuild/.lake/build/lib/lean:/home/maryjane/.elan/toolchains/leanprover--lean4---v4.22.0-rc4/lib/lean LEAN_SRC_PATH=/home/maryjane/formalization-of-bounded-arithmetic/.lake/packages/batteries:/home/maryjane/formalization-of-bounded-arithmetic/.lake/packages/batteries:/home/maryjane/formalization-of-bounded-arithmetic/.lake/packages/Qq:/home/maryjane/formalization-of-bounded-arithmetic/.lake/packages/aesop:/home/maryjane/formalization-of-bounded-arithmetic/.lake/packages/aesop:/home/maryjane/formalization-of-bounded-arithmetic/.lake/packages/proofwidgets:/home/maryjane/formalization-of-bounded-arithmetic/.lake/packages/proofwidgets:/home/maryjane/formalization-of-bounded-arithmetic/.lake/packages/importGraph:/home/maryjane/formalization-of-bounded-arithmetic/.lake/packages/importGraph:/home/maryjane/formalization-of-bounded-arithmetic/.lake/packages/LeanSearchClient:/home/maryjane/formalization-of-bounded-arithmetic/.lake/packages/LeanSearchClient:/home/maryjane/formalization-of-bounded-arithmetic/.lake/packages/plausible:/home/maryjane/formalization-of-bounded-arithmetic/.lake/packages/plausible:/home/maryjane/formalization-of-bounded-arithmetic/.lake/packages/mathlib:/home/maryjane/formalization-of-bounded-arithmetic/.lake/packages/mathlib:/home/maryjane/formalization-of-bounded-arithmetic/.lake/packages/mathlib:/home/maryjane/formalization-of-bounded-arithmetic/.lake/packages/mathlib:/home/maryjane/formalization-of-bounded-arithmetic/.lake/packages/mathlib:/home/maryjane/formalization-of-bounded-arithmetic/.lake/packages/mathlib:/home/maryjane/formalization-of-bounded-arithmetic/.lake/packages/mathlib:/home/maryjane/formalization-of-bounded-arithmetic/.lake/packages/MD4Lean:/home/maryjane/formalization-of-bounded-arithmetic/.lake/packages/MD4Lean:/home/maryjane/formalization-of-bounded-arithmetic/.lake/packages/BibtexQuery:/home/maryjane/formalization-of-bounded-arithmetic/.lake/packages/UnicodeBasic:/home/maryjane/formalization-of-bounded-arithmetic/.lake/packages/UnicodeBasic:/home/maryjane/formalization-of-bounded-arithmetic/.lake/packages/Cli:/home/maryjane/formalization-of-bounded-arithmetic:/home/maryjane/formalization-of-bounded-arithmetic/.lake/packages/doc-gen4:/home/maryjane/.elan/toolchains/leanprover--lean4---v4.22.0-rc4/src/lean/lake PATH LD_LIBRARY_PATH=/home/maryjane/.elan/toolchains/leanprover--lean4---v4.22.0-rc4/lib/lean:/home/maryjane/.elan/toolchains/leanprover--lean4---v4.22.0-rc4/lib:/home/maryjane/formalization-of-bounded-arithmetic/docbuild/.lake/build/lib:/home/maryjane/formalization-of-bounded-arithmetic/.lake/packages/doc-gen4/.lake/build/lib:/home/maryjane/formalization-of-bounded-arithmetic/.lake/build/lib:/home/maryjane/formalization-of-bounded-arithmetic/.lake/packages/Cli/.lake/build/lib:/home/maryjane/formalization-of-bounded-arithmetic/.lake/packages/UnicodeBasic/.lake/build/lib:/home/maryjane/formalization-of-bounded-arithmetic/.lake/packages/BibtexQuery/.lake/build/lib:/home/maryjane/formalization-of-bounded-arithmetic/.lake/packages/MD4Lean/.lake/build/lib:/home/maryjane/formalization-of-bounded-arithmetic/.lake/packages/mathlib/.lake/build/lib:/home/maryjane/formalization-of-bounded-arithmetic/.lake/packages/plausible/.lake/build/lib:/home/maryjane/formalization-of-bounded-arithmetic/.lake/packages/LeanSearchClient/.lake/build/lib:/home/maryjane/formalization-of-bounded-arithmetic/.lake/packages/importGraph/.lake/build/lib:/home/maryjane/formalization-of-bounded-arithmetic/.lake/packages/proofwidgets/.lake/build/lib:/home/maryjane/formalization-of-bounded-arithmetic/.lake/packages/aesop/.lake/build/lib:/home/maryjane/formalization-of-bounded-arithmetic/.lake/packages/Qq/.lake/build/lib:/home/maryjane/formalization-of-bounded-arithmetic/.lake/packages/batteries/.lake/build/lib /home/maryjane/formalization-of-bounded-arithmetic/.lake/packages/doc-gen4/.lake/build/bin/doc-gen4 single --build /home/maryjane/formalization-of-bounded-arithmetic/docbuild/.lake/build Batteries.Data.List https://github.com/leanprover-community/batteries/blob/1340120ec7a034c5d833a337197adfdb079ac56b/Batteries/Data/List.lean",
   "level": "trace"}],
 "inputs":
 [["<collection>",
   [["/home/maryjane/formalization-of-bounded-arithmetic/docbuild/.lake/build/doc/Batteries/Data/List/ArrayMap.html",
     "6933292439810195293"],
    ["/home/maryjane/formalization-of-bounded-arithmetic/docbuild/.lake/build/doc/Batteries/Data/List/Basic.html",
     "8873207981718371816"],
    ["/home/maryjane/formalization-of-bounded-arithmetic/docbuild/.lake/build/doc/Batteries/Data/List/Count.html",
     "12019504556920622179"],
    ["/home/maryjane/formalization-of-bounded-arithmetic/docbuild/.lake/build/doc/Batteries/Data/List/Init/Lemmas.html",
     "17254696753047585657"],
    ["/home/maryjane/formalization-of-bounded-arithmetic/docbuild/.lake/build/doc/Batteries/Data/List/Lemmas.html",
     "6787454913301474017"],
    ["/home/maryjane/formalization-of-bounded-arithmetic/docbuild/.lake/build/doc/Batteries/Data/List/Matcher.html",
     "2527256418469796486"],
    ["/home/maryjane/formalization-of-bounded-arithmetic/docbuild/.lake/build/doc/Batteries/Data/List/Monadic.html",
     "4127563417875896094"],
    ["/home/maryjane/formalization-of-bounded-arithmetic/docbuild/.lake/build/doc/Batteries/Data/List/OfFn.html",
     "10369354230224671084"],
    ["/home/maryjane/formalization-of-bounded-arithmetic/docbuild/.lake/build/doc/Batteries/Data/List/Pairwise.html",
     "6291296895085234231"],
    ["/home/maryjane/formalization-of-bounded-arithmetic/docbuild/.lake/build/doc/Batteries/Data/List/Perm.html",
     "1777030745672877378"]]],
  ["/home/maryjane/formalization-of-bounded-arithmetic/docbuild/.lake/build/doc-data/references.json",
   "11893762902049086281"],
  ["/home/maryjane/formalization-of-bounded-arithmetic/.lake/packages/doc-gen4/.lake/build/bin/doc-gen4",
   "5630031741182597361"],
  ["Batteries.Data.List:leanArts", "5723650235369344027"]],
 "depHash": "6303006760989588850"}