{"synthetic": false,
 "outputs": null,
 "log":
 [{"message": "Documentation indexing", "level": "info"},
  {"message":
   ".> /home/maryjane/formalization-of-bounded-arithmetic/.lake/packages/doc-gen4/.lake/build/bin/doc-gen4 index --build /home/maryjane/formalization-of-bounded-arithmetic/docbuild/.lake/build",
   "level": "trace"}],
 "inputs":
 [["/home/maryjane/formalization-of-bounded-arithmetic/.lake/packages/doc-gen4/.lake/build/bin/doc-gen4",
   "5630031741182597361"],
  ["<nil>", "4147042607551581956"],
  ["<collection>",
   [["/home/maryjane/formalization-of-bounded-arithmetic/docbuild/.lake/build/doc/BoundedArithmetic/BoundedModelTheory/Basic.html",
     "1447520311964399834"],
    ["/home/maryjane/formalization-of-bounded-arithmetic/docbuild/.lake/build/doc/BoundedArithmetic/BoundedModelTheory/LanguageMap.html",
     "3674251813737668469"],
    ["/home/maryjane/formalization-of-bounded-arithmetic/docbuild/.lake/build/doc/BoundedArithmetic/BoundedModelTheory/Syntax.html",
     "2265508445281000900"],
    ["/home/maryjane/formalization-of-bounded-arithmetic/docbuild/.lake/build/doc/BoundedArithmetic/BoundedModelTheory/Semantics.html",
     "1223414322902361545"],
    ["/home/maryjane/formalization-of-bounded-arithmetic/docbuild/.lake/build/doc/BoundedArithmetic/BoundedModelTheory/Quotients.html",
     "16176294902201339974"],
    ["/home/maryjane/formalization-of-bounded-arithmetic/docbuild/.lake/build/doc/BoundedArithmetic/BoundedModelTheory/Ultraproducts.html",
     "6602242272172164629"],
    ["/home/maryjane/formalization-of-bounded-arithmetic/docbuild/.lake/build/doc/BoundedArithmetic/BoundedModelTheory/Encoding.html",
     "14418472706951522363"],
    ["/home/maryjane/formalization-of-bounded-arithmetic/docbuild/.lake/build/doc/BoundedArithmetic/BoundedModelTheory/Substructures.html",
     "9939057703614632274"],
    ["/home/maryjane/formalization-of-bounded-arithmetic/docbuild/.lake/build/doc/BoundedArithmetic/BoundedModelTheory/ElementaryMaps.html",
     "1651841660037306155"],
    ["/home/maryjane/formalization-of-bounded-arithmetic/docbuild/.lake/build/doc/BoundedArithmetic/BoundedModelTheory/ElementarySubstructures.html",
     "14405403842959380175"],
    ["/home/maryjane/formalization-of-bounded-arithmetic/docbuild/.lake/build/doc/BoundedArithmetic/BoundedModelTheory/Bundled.html",
     "16188789909790434019"],
    ["/home/maryjane/formalization-of-bounded-arithmetic/docbuild/.lake/build/doc/BoundedArithmetic/BoundedModelTheory/Skolem.html",
     "10846437185628777713"],
    ["/home/maryjane/formalization-of-bounded-arithmetic/docbuild/.lake/build/doc/BoundedArithmetic/BoundedModelTheory/Satisfiability.html",
     "9363225620012889993"],
    ["/home/maryjane/formalization-of-bounded-arithmetic/docbuild/.lake/build/doc/BoundedArithmetic/BoundedModelTheory/Equivalence.html",
     "15075463032265176942"],
    ["/home/maryjane/formalization-of-bounded-arithmetic/docbuild/.lake/build/doc/BoundedArithmetic/BoundedModelTheory/Complexity.html",
     "18174739173419659404"],
    ["/home/maryjane/formalization-of-bounded-arithmetic/docbuild/.lake/build/doc/BoundedArithmetic/V0.html",
     "11725204851462019211"],
    ["/home/maryjane/formalization-of-bounded-arithmetic/docbuild/.lake/build/doc/BoundedArithmetic/IDelta0.html",
     "4380852930540015540"],
    ["/home/maryjane/formalization-of-bounded-arithmetic/docbuild/.lake/build/doc/BoundedArithmetic.html",
     "17354531969618368139"]]]],
 "depHash": "15853548225649072505"}